<?xml version="1.0" encoding="UTF-8"?>
<testsuite xmlns:xsi="http://www.w3.org/2001/XMLSchema-instance" xsi:noNamespaceSchemaLocation="https://maven.apache.org/surefire/maven-surefire-plugin/xsd/surefire-test-report-3.0.xsd" version="3.0" name="BatteryTest" time="6.04" tests="6" errors="0" skipped="0" failures="0">
  <properties>
[...]
</properties>
  <testcase name="testDischargeWithNegativeValue" classname="BatteryTest" time="0.001">
    <system-err><![CDATA[[BATTERY ERROR] Discharge amount cannot be negative!
]]></system-err>
  </testcase>
  <testcase name="testInitialBatteryLevelRange" classname="BatteryTest" time="0.003"/>
  <testcase name="testDischargeReducesLevel" classname="BatteryTest" time="0.004">
    <system-out><![CDATA[[BATTERY] Discharged 10.0%. Current level: 82.0%
]]></system-out>
  </testcase>
  <testcase name="testGetLevelStringIsValid" classname="BatteryTest" time="0.003"/>
  <testcase name="testRechargeRunsSafely" classname="BatteryTest" time="6.017">
    <system-out><![CDATA[[BATTERY] Discharged 50.0%. Current level: 44.3%
[BATTERY] Charging started...
[BATTERY] Battery level: 64.3%
[BATTERY] Battery level: 84.3%
[BATTERY] Battery level: 100.0%
[BATTERY] Battery fully charged!
]]></system-out>
  </testcase>
  <testcase name="testIsLowBatteryDetection" classname="BatteryTest" time="0.002">
    <system-out><![CDATA[[BATTERY] Discharged 90.0%. Current level: 9.5%
]]></system-out>
  </testcase>
</testsuite>