<?xml version="1.0" encoding="UTF-8"?>
<testsuite xmlns:xsi="http://www.w3.org/2001/XMLSchema-instance" xsi:noNamespaceSchemaLocation="https://maven.apache.org/surefire/maven-surefire-plugin/xsd/surefire-test-report-3.0.xsd" version="3.0" name="AGVTest" time="2.064" tests="5" errors="0" skipped="0" failures="0">
  <properties>
[...]
</properties>
  <testcase name="testAGVInitialization" classname="AGVTest" time="0.044">
    <system-out><![CDATA[Passed
]]></system-out>
  </testcase>
  <testcase name="testMoveToValidPosition" classname="AGVTest" time="0.755">
    <system-out><![CDATA[[AGV] AGV#A1 moved from [10,10] to [20,30]
[LOG] Log file created: C:\Users\Bernard\Downloads\13_11_2025_18_00pm_WarehouseAutomation\13_11_2025_18_00pm_WarehouseAutomation\WarehouseAutomation\Logs\AGV\2025\Nov\14\log_10-55-47.txt
[LOG] Log file created: C:\Users\Bernard\Downloads\13_11_2025_18_00pm_WarehouseAutomation\13_11_2025_18_00pm_WarehouseAutomation\WarehouseAutomation\Logs\System\2025\Nov\14\log_10-55-47.txt
[LOG] Log file created: C:\Users\Bernard\Downloads\13_11_2025_18_00pm_WarehouseAutomation\13_11_2025_18_00pm_WarehouseAutomation\WarehouseAutomation\Logs\Overall\2025\Nov\14\log_10-55-47.txt
[BATTERY] Discharged 2.0%. Current level: 96.2%
[LOG] Log file created: C:\Users\Bernard\Downloads\13_11_2025_18_00pm_WarehouseAutomation\13_11_2025_18_00pm_WarehouseAutomation\WarehouseAutomation\Logs\Battery\2025\Nov\14\log_10-55-47.txt
Passed
]]></system-out>
  </testcase>
  <testcase name="testPickUpValidBox" classname="AGVTest" time="0.509">
    <system-out><![CDATA[[AGV] AGV#A1 picked up Box#B1
Passed
]]></system-out>
  </testcase>
  <testcase name="testDropBoxIntoStorageArea" classname="AGVTest" time="0.512">
    <system-out><![CDATA[[INFO] Box#B1 moved to position (0, 0)
[AGV] AGV#A1 picked up Box#B1
[STORAGE] Stored Box#B1 at [0,0]
Passed
]]></system-out>
  </testcase>
  <testcase name="testMoveToNullPosition" classname="AGVTest" time="0.005">
    <system-out><![CDATA[Passed
]]></system-out>
    <system-err><![CDATA[[ERROR] AGV#A1: Target position cannot be null!
]]></system-err>
  </testcase>
</testsuite>